CLIENT_HANDSHAKE_TRAFFIC_SECRET ff6d223a9605bd1d2d3ced14f33ee080b508816fe1dad8063ce6640a07f14cd6 f16c5a2d8b078f09270a9954c4f61a079d0bf176f49a20d6b2e081f8f80b52b7
SERVER_HANDSHAKE_TRAFFIC_SECRET ff6d223a9605bd1d2d3ced14f33ee080b508816fe1dad8063ce6640a07f14cd6 8ac7e8ded14ed119f9eb78a8f7027425626c8bd2e9316bdf02b2ff9e5305c020
CLIENT_TRAFFIC_SECRET_0 ff6d223a9605bd1d2d3ced14f33ee080b508816fe1dad8063ce6640a07f14cd6 ef62916792bbf53a58b35d060b8eeaf8cc676cebd7c36346151b21ae17a2bb9e
SERVER_TRAFFIC_SECRET_0 ff6d223a9605bd1d2d3ced14f33ee080b508816fe1dad8063ce6640a07f14cd6 fd83e6633f8f0d3b1c49d6ed6baebedd7827c568598d65f50a53f85962a34138
EXPORTER_SECRET ff6d223a9605bd1d2d3ced14f33ee080b508816fe1dad8063ce6640a07f14cd6 41819a6689c34563ebd25da0842fa172ddc741e4454b5a32f905144ad184b7fa
CLIENT_HANDSHAKE_TRAFFIC_SECRET 6bf70a0af8f189fe952475bd99ac3e8d58220479ccd3449f365edc99056adcfd a51596a6ddc464ba5e017f3b26c70338bcc21ee6316116cef796472d29d903b9
SERVER_HANDSHAKE_TRAFFIC_SECRET 6bf70a0af8f189fe952475bd99ac3e8d58220479ccd3449f365edc99056adcfd 002397dec08853ffdffd180be788413c1e88c92ad5ee6ddd0f2756ca9cdde6b2
CLIENT_TRAFFIC_SECRET_0 6bf70a0af8f189fe952475bd99ac3e8d58220479ccd3449f365edc99056adcfd 556e6c98701dac6fd0c5be3e8f9c4a6f1ec4ace1cdcec562cc7d0a3466ffe9cc
SERVER_TRAFFIC_SECRET_0 6bf70a0af8f189fe952475bd99ac3e8d58220479ccd3449f365edc99056adcfd c9627a2020ac83e70962021bea72d2150d3e93187e4f016da7a502bdff4f2fc0
EXPORTER_SECRET 6bf70a0af8f189fe952475bd99ac3e8d58220479ccd3449f365edc99056adcfd b1d56f89e9cd68935a814f739d93c6e3b6562ffc3ea1508f094199ebb6305398
CLIENT_HANDSHAKE_TRAFFIC_SECRET bf9bebede52add8a22cb6557cd43d6296dba974a3c6b88de092f00d632ef7533 1192c836c8c183cf795048cb06143742d971303d5febada4ba226f3d19e65256
SERVER_HANDSHAKE_TRAFFIC_SECRET bf9bebede52add8a22cb6557cd43d6296dba974a3c6b88de092f00d632ef7533 642f37d3038a197c49891718c09fd04575120b2979704d167c4713ba7a91661d
CLIENT_TRAFFIC_SECRET_0 bf9bebede52add8a22cb6557cd43d6296dba974a3c6b88de092f00d632ef7533 39c3217c70082198d500207d92b87977cddb3bb5d4bdf7226c7c4d133b4ea79b
SERVER_TRAFFIC_SECRET_0 bf9bebede52add8a22cb6557cd43d6296dba974a3c6b88de092f00d632ef7533 78ad04e3324795b5fa5a7438f355415aceab823511146e76f01510621465f06e
EXPORTER_SECRET bf9bebede52add8a22cb6557cd43d6296dba974a3c6b88de092f00d632ef7533 231576c0fb80487a92c9daaee88b4dbd65599c0d7e4bc79542d3e4c5695cca41
CLIENT_HANDSHAKE_TRAFFIC_SECRET 27ccba6f9da0f50a326e161a61ffffdb05a49ce2ce11047ae7bbbcb73ee377e6 7a5376613cff8861c2bf8c9111a759e99fd53766ef75a7f5d6b908521d63a12f
SERVER_HANDSHAKE_TRAFFIC_SECRET 27ccba6f9da0f50a326e161a61ffffdb05a49ce2ce11047ae7bbbcb73ee377e6 22e7c6e35f27202cca743f3db79689958efef3e9e9f564ea78966e639b3a2d23
CLIENT_TRAFFIC_SECRET_0 27ccba6f9da0f50a326e161a61ffffdb05a49ce2ce11047ae7bbbcb73ee377e6 3aafb6f094b3810c63d1ca33c4320642436c1ac6bec3d82ff7c741b94587ae5c
SERVER_TRAFFIC_SECRET_0 27ccba6f9da0f50a326e161a61ffffdb05a49ce2ce11047ae7bbbcb73ee377e6 d07fced07930f958db4dc89712faf5d106f737b055e8ef03ba052fb6882c0b26
EXPORTER_SECRET 27ccba6f9da0f50a326e161a61ffffdb05a49ce2ce11047ae7bbbcb73ee377e6 836eff09ba6eb7fadad2a53a1fb4f803606320d91b54991623d62bfd1c88c981
CLIENT_HANDSHAKE_TRAFFIC_SECRET 69946460898cff3e5c45dd8a4b89dc1cedf39992d4cae4c7ec7cf7bb7396af4d 0429eabc8030b512c7c4ed6477c7eef8891a7fb1e8bb02d07d9eb192a7aefc35
SERVER_HANDSHAKE_TRAFFIC_SECRET 69946460898cff3e5c45dd8a4b89dc1cedf39992d4cae4c7ec7cf7bb7396af4d 75fb9033f226e6632b0e8f738b8f4f189b7452700f9d559469d59ba5ffa1e0b9
CLIENT_TRAFFIC_SECRET_0 69946460898cff3e5c45dd8a4b89dc1cedf39992d4cae4c7ec7cf7bb7396af4d 496cb6b1a8b6c1ac79f63f4be14d530f249492ac75c343fa5bca4df18553364f
SERVER_TRAFFIC_SECRET_0 69946460898cff3e5c45dd8a4b89dc1cedf39992d4cae4c7ec7cf7bb7396af4d 77b42556467ec2f92c8c103cf62174663fd46a322a062f54ccf2f1cdfd0f7580
EXPORTER_SECRET 69946460898cff3e5c45dd8a4b89dc1cedf39992d4cae4c7ec7cf7bb7396af4d 4b0163062bc19aa8a5126d0c95f045cf291039ee2f42d36c18f2631911e3b630
CLIENT_HANDSHAKE_TRAFFIC_SECRET a1355e6bf218a82e7c05967cf5287ff9feaddcbeccbdcb3b82beec4e0f6539e8 990dbce1839192b6b17ad1c97da0942435be95da0bb8ab8b17df3ae1c68417ed
SERVER_HANDSHAKE_TRAFFIC_SECRET a1355e6bf218a82e7c05967cf5287ff9feaddcbeccbdcb3b82beec4e0f6539e8 f671801b10e8679c0414e4e426c623cd2ad923fcd039e7768634ddd6e870b02b
CLIENT_TRAFFIC_SECRET_0 a1355e6bf218a82e7c05967cf5287ff9feaddcbeccbdcb3b82beec4e0f6539e8 b5b7ee68d58de6bf7d1c92de53ecb5f611a2ef5e5df0fb6a8662c33056b109d7
SERVER_TRAFFIC_SECRET_0 a1355e6bf218a82e7c05967cf5287ff9feaddcbeccbdcb3b82beec4e0f6539e8 a3bd2fb3b2b8d88a767476e9bde723a22eea30b713dd0ec8e46a3539f0430b6b
EXPORTER_SECRET a1355e6bf218a82e7c05967cf5287ff9feaddcbeccbdcb3b82beec4e0f6539e8 fbf40dddaf0048cceea04d081857e7b4b05a26efacca7ef8954f30b28904fe1e
CLIENT_HANDSHAKE_TRAFFIC_SECRET 9b6c8c7a6cec9ac073b794642420c81062bd0bc061f90b57cfe5e140a44cfb6e e5fbcde40de160e00c6e9b5652f327fdb47e6d09ed33482aa2749c6c7dfc3d14
SERVER_HANDSHAKE_TRAFFIC_SECRET 9b6c8c7a6cec9ac073b794642420c81062bd0bc061f90b57cfe5e140a44cfb6e a286dd9aed05313c4794900c5ae158ad7aad6f2a99cf52d4da9e0282b0308da6
CLIENT_TRAFFIC_SECRET_0 9b6c8c7a6cec9ac073b794642420c81062bd0bc061f90b57cfe5e140a44cfb6e 3964cfa87845c3fd5af444578a09b1287e5b047e20c14100d6a8cd14bb452b3e
SERVER_TRAFFIC_SECRET_0 9b6c8c7a6cec9ac073b794642420c81062bd0bc061f90b57cfe5e140a44cfb6e 188745b6a3a6074f7731df9223f46e67717d116baccebaec67892a75105bdb9b
EXPORTER_SECRET 9b6c8c7a6cec9ac073b794642420c81062bd0bc061f90b57cfe5e140a44cfb6e a5ecf8ee38d1e23bd366373f08fb5ee70629894e0cd28b348c6695ececa5a1bb
